Using pre-set license
Built from '2020.3/staging' branch; Version is '2020.3.6f1 (338bb68529b2) revision 3378102'; Using compiler version '192528614'; Build Type 'Release'
OS: 'Windows 10 Pro; OS build 19042.928; Version 2009; 64bit' Language: 'en' Physical Memory: 15791 MB
BatchMode: 1, IsHumanControllingUs: 0, StartBugReporterOnCrash: 0, Is64bit: 1, IsPro: 0

 COMMAND LINE ARGUMENTS:
E:\Unity\2020.3.6f1\Editor\Unity.exe
-adb2
-batchMode
-noUpm
-name
AssetImportWorker1
-projectPath
E:/Unity/Prambanan
-logFile
Logs/AssetImportWorker1.log
-srvPort
56302
Successfully changed project path to: E:/Unity/Prambanan
E:/Unity/Prambanan
Using Asset Import Pipeline V2.
Refreshing native plugins compatible for Editor in 69.38 ms, found 0 plugins.
Preloading 0 native plugins for Editor in 0.00 ms.
Initialize engine version: 2020.3.6f1 (338bb68529b2)
[Subsystems] Discovering subsystems at path E:/Unity/2020.3.6f1/Editor/Data/Resources/UnitySubsystems
[Subsystems] Discovering subsystems at path E:/Unity/Prambanan/Assets
GfxDevice: creating device client; threaded=0
Direct3D:
    Version:  Direct3D 11.0 [level 11.1]
    Renderer: NVIDIA GeForce GTX 1650 Ti (ID=0x1f95)
    Vendor:   
    VRAM:     3962 MB
    Driver:   27.21.14.5167
Shader 'Universal Render Pipeline/Particles/Lit': fallback shader 'Universal Render Pipeline/Particles/SimpleLit' not found
Initialize mono
Mono path[0] = 'E:/Unity/2020.3.6f1/Editor/Data/Managed'
Mono path[1] = 'E:/Unity/2020.3.6f1/Editor/Data/MonoBleedingEdge/lib/mono/unityjit'
Mono config path = 'E:/Unity/2020.3.6f1/Editor/Data/MonoBleedingEdge/etc'
Using monoOptions --debugger-agent=transport=dt_socket,embedding=1,server=y,suspend=n,address=127.0.0.1:56300
Begin MonoManager ReloadAssembly
Registering precompiled unity dll's ...
Register platform support module: E:/Unity/2020.3.6f1/Editor/Data/PlaybackEngines/WindowsStandaloneSupport/UnityEditor.WindowsStandalone.Extensions.dll
Registered in 0.000875 seconds.
Native extension for WindowsStandalone target not found
Refreshing native plugins compatible for Editor in 72.27 ms, found 0 plugins.
Preloading 0 native plugins for Editor in 0.00 ms.
Mono: successfully reloaded assembly
- Completed reload, in  1.233 seconds
Platform modules already initialized, skipping
Registering precompiled user dll's ...
Registered in 0.001188 seconds.
Begin MonoManager ReloadAssembly
Native extension for WindowsStandalone target not found
Refreshing native plugins compatible for Editor in 76.68 ms, found 0 plugins.
Preloading 0 native plugins for Editor in 0.00 ms.
Mono: successfully reloaded assembly
- Completed reload, in  1.061 seconds
Platform modules already initialized, skipping
========================================================================
Worker process is ready to serve import requests
Shader 'Universal Render Pipeline/Particles/Lit': fallback shader 'Universal Render Pipeline/Particles/SimpleLit' not found
Launched and connected shader compiler UnityShaderCompiler.exe after 0.05 seconds
Refreshing native plugins compatible for Editor in 0.64 ms, found 0 plugins.
Preloading 0 native plugins for Editor in 0.00 ms.
Unloading 3763 Unused Serialized files (Serialized files now loaded: 0)
System memory in use before: 194.4 MB.
System memory in use after: 194.7 MB.

Unloading 14 unused Assets to reduce memory usage. Loaded Objects now: 4230.
Total: 2.892500 ms (FindLiveObjects: 0.376800 ms CreateObjectMapping: 0.099900 ms MarkObjects: 2.308100 ms  DeleteObjects: 0.106500 ms)

========================================================================
Received Import Request.
  path: Assets/Prefabs/Blueprint2.prefab
  artifactKey: Guid(b0ee86089c016ee48a309f01c2e7da96) Importer(815301076,1909f56bfc062723c751e8b465ee728b)
Start importing Assets/Prefabs/Blueprint2.prefab using Guid(b0ee86089c016ee48a309f01c2e7da96) Importer(815301076,1909f56bfc062723c751e8b465ee728b)  -> (artifact id: '75f8f75cfdf0838d69d9256eac966b25') in 0.053921 seconds
  Import took 0.060920 seconds .

========================================================================
Received Import Request.
  Time since last request: 6.247542 seconds.
  path: Assets/Prefabs/Blueprint2.prefab
  artifactKey: Guid(b0ee86089c016ee48a309f01c2e7da96) Importer(815301076,1909f56bfc062723c751e8b465ee728b)
Start importing Assets/Prefabs/Blueprint2.prefab using Guid(b0ee86089c016ee48a309f01c2e7da96) Importer(815301076,1909f56bfc062723c751e8b465ee728b)  -> (artifact id: 'efad55f51ae05faa7b6189a9cb25cb4a') in 0.006561 seconds
  Import took 0.013520 seconds .

========================================================================
Received Import Request.
  Time since last request: 11.577649 seconds.
  path: Assets/Prefabs/Blueprint2.prefab
  artifactKey: Guid(b0ee86089c016ee48a309f01c2e7da96) Importer(815301076,1909f56bfc062723c751e8b465ee728b)
Start importing Assets/Prefabs/Blueprint2.prefab using Guid(b0ee86089c016ee48a309f01c2e7da96) Importer(815301076,1909f56bfc062723c751e8b465ee728b)  -> (artifact id: 'a5030d04fcc39a7e10c2befe4a5225c9') in 0.007484 seconds
  Import took 0.014492 seconds .

========================================================================
Received Import Request.
  Time since last request: 4.395749 seconds.
  path: Assets/Prefabs/Blueprint2.prefab
  artifactKey: Guid(b0ee86089c016ee48a309f01c2e7da96) Importer(815301076,1909f56bfc062723c751e8b465ee728b)
Start importing Assets/Prefabs/Blueprint2.prefab using Guid(b0ee86089c016ee48a309f01c2e7da96) Importer(815301076,1909f56bfc062723c751e8b465ee728b)  -> (artifact id: '16643073f6acee7ac51f01fb69ea4044') in 0.006552 seconds
  Import took 0.013397 seconds .

========================================================================
Received Import Request.
  Time since last request: 5.535171 seconds.
  path: Assets/Prefabs/Blueprint2.prefab
  artifactKey: Guid(b0ee86089c016ee48a309f01c2e7da96) Importer(815301076,1909f56bfc062723c751e8b465ee728b)
Start importing Assets/Prefabs/Blueprint2.prefab using Guid(b0ee86089c016ee48a309f01c2e7da96) Importer(815301076,1909f56bfc062723c751e8b465ee728b)  -> (artifact id: 'f2bc714c6f5447138a4e5a4e8e39ced0') in 0.007054 seconds
  Import took 0.014114 seconds .

========================================================================
Received Import Request.
  Time since last request: 9.697880 seconds.
  path: Assets/Prefabs/Blueprint2.prefab
  artifactKey: Guid(b0ee86089c016ee48a309f01c2e7da96) Importer(815301076,1909f56bfc062723c751e8b465ee728b)
Start importing Assets/Prefabs/Blueprint2.prefab using Guid(b0ee86089c016ee48a309f01c2e7da96) Importer(815301076,1909f56bfc062723c751e8b465ee728b)  -> (artifact id: '09eace622f3ea1d25c3a9fd27c48712f') in 0.006487 seconds
  Import took 0.014170 seconds .

========================================================================
Received Import Request.
  Time since last request: 4.436956 seconds.
  path: Assets/Prefabs/Blueprint2.prefab
  artifactKey: Guid(b0ee86089c016ee48a309f01c2e7da96) Importer(815301076,1909f56bfc062723c751e8b465ee728b)
Start importing Assets/Prefabs/Blueprint2.prefab using Guid(b0ee86089c016ee48a309f01c2e7da96) Importer(815301076,1909f56bfc062723c751e8b465ee728b)  -> (artifact id: '8f92c4a5b7fb4cfaae1ff9b398a0fd9d') in 0.007009 seconds
  Import took 0.014073 seconds .

========================================================================
Received Import Request.
  Time since last request: 0.617000 seconds.
  path: Assets/Prefabs/Blueprint2.prefab
  artifactKey: Guid(b0ee86089c016ee48a309f01c2e7da96) Importer(815301076,1909f56bfc062723c751e8b465ee728b)
Start importing Assets/Prefabs/Blueprint2.prefab using Guid(b0ee86089c016ee48a309f01c2e7da96) Importer(815301076,1909f56bfc062723c751e8b465ee728b)  -> (artifact id: 'a2c35cc44b6d0dfb20285c143c14be5d') in 0.006359 seconds
  Import took 0.013376 seconds .

========================================================================
Received Import Request.
  Time since last request: 1.810482 seconds.
  path: Assets/Prefabs/Blueprint2.prefab
  artifactKey: Guid(b0ee86089c016ee48a309f01c2e7da96) Importer(815301076,1909f56bfc062723c751e8b465ee728b)
Start importing Assets/Prefabs/Blueprint2.prefab using Guid(b0ee86089c016ee48a309f01c2e7da96) Importer(815301076,1909f56bfc062723c751e8b465ee728b)  -> (artifact id: 'bfd7272efc05c43ded00a4cd295dab40') in 0.006617 seconds
  Import took 0.013344 seconds .

========================================================================
Received Import Request.
  Time since last request: 4.454777 seconds.
  path: Assets/Prefabs/Blueprint2.prefab
  artifactKey: Guid(b0ee86089c016ee48a309f01c2e7da96) Importer(815301076,1909f56bfc062723c751e8b465ee728b)
Start importing Assets/Prefabs/Blueprint2.prefab using Guid(b0ee86089c016ee48a309f01c2e7da96) Importer(815301076,1909f56bfc062723c751e8b465ee728b)  -> (artifact id: 'c64caedc5e92c8f3310e610088219382') in 0.007614 seconds
  Import took 0.014686 seconds .

========================================================================
Received Prepare
Registering precompiled user dll's ...
Registered in 0.001181 seconds.
Begin MonoManager ReloadAssembly
Native extension for WindowsStandalone target not found
Refreshing native plugins compatible for Editor in 0.64 ms, found 0 plugins.
Preloading 0 native plugins for Editor in 0.00 ms.
Mono: successfully reloaded assembly
- Completed reload, in  0.906 seconds
Platform modules already initialized, skipping
Shader 'Universal Render Pipeline/Particles/Lit': fallback shader 'Universal Render Pipeline/Particles/SimpleLit' not found
Refreshing native plugins compatible for Editor in 0.68 ms, found 0 plugins.
Preloading 0 native plugins for Editor in 0.00 ms.
Unloading 3568 Unused Serialized files (Serialized files now loaded: 0)
System memory in use before: 179.2 MB.
System memory in use after: 179.4 MB.

Unloading 6 unused Assets to reduce memory usage. Loaded Objects now: 4233.
Total: 3.652800 ms (FindLiveObjects: 0.435900 ms CreateObjectMapping: 0.094400 ms MarkObjects: 3.034400 ms  DeleteObjects: 0.086200 ms)

========================================================================
Received Import Request.
  Time since last request: 58.284331 seconds.
  path: Assets/Prefabs/Blueprint2.prefab
  artifactKey: Guid(b0ee86089c016ee48a309f01c2e7da96) Importer(815301076,1909f56bfc062723c751e8b465ee728b)
Start importing Assets/Prefabs/Blueprint2.prefab using Guid(b0ee86089c016ee48a309f01c2e7da96) Importer(815301076,1909f56bfc062723c751e8b465ee728b)  -> (artifact id: '5d42c1a4ba1feb6299d56ca01fc50a79') in 0.031842 seconds
  Import took 0.038841 seconds .

========================================================================
Received Import Request.
  Time since last request: 2.582720 seconds.
  path: Assets/Prefabs/Blueprint2.prefab
  artifactKey: Guid(b0ee86089c016ee48a309f01c2e7da96) Importer(815301076,1909f56bfc062723c751e8b465ee728b)
Start importing Assets/Prefabs/Blueprint2.prefab using Guid(b0ee86089c016ee48a309f01c2e7da96) Importer(815301076,1909f56bfc062723c751e8b465ee728b)  -> (artifact id: '7782191cc23a45bfd0cc702f8467c3f9') in 0.007696 seconds
  Import took 0.013958 seconds .

========================================================================
Received Prepare
Registering precompiled user dll's ...
Registered in 0.001164 seconds.
Begin MonoManager ReloadAssembly
Native extension for WindowsStandalone target not found
Refreshing native plugins compatible for Editor in 0.81 ms, found 0 plugins.
Preloading 0 native plugins for Editor in 0.00 ms.
Mono: successfully reloaded assembly
- Completed reload, in  0.929 seconds
Platform modules already initialized, skipping
Shader 'Universal Render Pipeline/Particles/Lit': fallback shader 'Universal Render Pipeline/Particles/SimpleLit' not found
Refreshing native plugins compatible for Editor in 0.77 ms, found 0 plugins.
Preloading 0 native plugins for Editor in 0.00 ms.
Unloading 3568 Unused Serialized files (Serialized files now loaded: 0)
System memory in use before: 179.2 MB.
System memory in use after: 179.4 MB.

Unloading 6 unused Assets to reduce memory usage. Loaded Objects now: 4236.
Total: 3.095600 ms (FindLiveObjects: 0.384400 ms CreateObjectMapping: 0.107500 ms MarkObjects: 2.496200 ms  DeleteObjects: 0.103400 ms)

